<?xml version="1.0" encoding="UTF-8"?>
<!-- Generated by org.testng.reporters.JUnitReportReporter -->
<testsuite hostname="DESKTOP-MUEUS88" failures="0" tests="2" name="LoanDepartment.PersonalLoan" time="0.006" errors="0" timestamp="21 Jun 2023 04:25:10 GMT">
  <testcase classname="LoanDepartment.PersonalLoan" name="FlexiLoan" time="0.003"/>
  <testcase classname="LoanDepartment.PersonalLoan" name="FixedLoan" time="0.003"/>
</testsuite> <!-- LoanDepartment.PersonalLoan -->
