<?xml version="1.0" encoding="UTF-8"?>
<!-- Generated by org.testng.reporters.JUnitReportReporter -->
<testsuite hostname="DESKTOP-MUEUS88" failures="0" tests="2" name="LoanDepartment.CarLoan" time="0.043" errors="0" timestamp="21 Jun 2023 04:25:29 GMT">
  <testcase classname="LoanDepartment.CarLoan" name="SmartLoan" time="0.010"/>
  <testcase classname="LoanDepartment.CarLoan" name="CarLeaseLoan" time="0.033"/>
</testsuite> <!-- LoanDepartment.CarLoan -->
