<?xml version="1.0" encoding="UTF-8"?>
<!-- Generated by org.testng.reporters.JUnitReportReporter -->
<testsuite hostname="DESKTOP-MUEUS88" failures="0" tests="2" name="LoanDepartment.HomeLoan" time="0.008" errors="0" timestamp="21 Jun 2023 04:25:29 GMT">
  <testcase classname="LoanDepartment.HomeLoan" name="BestBuyLoan" time="0.003"/>
  <testcase classname="LoanDepartment.HomeLoan" name="MortageLoan" time="0.005"/>
</testsuite> <!-- LoanDepartment.HomeLoan -->
