<?xml version="1.0" encoding="UTF-8"?>
<!-- Generated by org.testng.reporters.JUnitReportReporter -->
<testsuite hostname="DESKTOP-MUEUS88" failures="0" tests="3" name="ICICIBank.FlexiLoan" time="0.015" errors="0" timestamp="21 Jun 2023 05:05:22 GMT">
  <testcase classname="ICICIBank.FlexiLoan" name="FlexiLoanwithBranch" time="0.002"/>
  <testcase classname="ICICIBank.FlexiLoan" name="FlexiLoanwithAPP" time="0.011"/>
  <testcase classname="ICICIBank.FlexiLoan" name="FlexiLoanwithWeb" time="0.002"/>
</testsuite> <!-- ICICIBank.FlexiLoan -->
