<?xml version="1.0" encoding="UTF-8"?>
<!-- Generated by org.testng.reporters.JUnitReportReporter -->
<testsuite hostname="DESKTOP-MUEUS88" failures="0" tests="3" name="ICICIBank.SmartLoan" time="0.046" errors="0" timestamp="21 Jun 2023 05:05:22 GMT">
  <testcase classname="ICICIBank.SmartLoan" name="SmartLoanwithWeb" time="0.013"/>
  <testcase classname="ICICIBank.SmartLoan" name="SmartLoanwithBranch" time="0.018"/>
  <testcase classname="ICICIBank.SmartLoan" name="SmartLoanwithAPP" time="0.015"/>
</testsuite> <!-- ICICIBank.SmartLoan -->
