<?xml version="1.0" encoding="UTF-8"?>
<!-- Generated by org.testng.reporters.JUnitReportReporter -->
<testsuite hostname="DESKTOP-MUEUS88" failures="0" tests="3" name="LoanDepartment.FlexiLoan" time="0.024" errors="0" timestamp="21 Jun 2023 04:35:07 GMT">
  <testcase classname="LoanDepartment.FlexiLoan" name="FlexiLoanwithWeb" time="0.006"/>
  <testcase classname="LoanDepartment.FlexiLoan" name="FlexiLoanwithAPP" time="0.015"/>
  <testcase classname="LoanDepartment.FlexiLoan" name="FlexiLoanwithBranch" time="0.003"/>
</testsuite> <!-- LoanDepartment.FlexiLoan -->
