<?xml version="1.0" encoding="UTF-8"?>
<!-- Generated by org.testng.reporters.JUnitReportReporter -->
<testsuite hostname="DESKTOP-MUEUS88" failures="0" tests="3" name="ICICIBank.MortgageLoan" time="0.047" errors="0" timestamp="22 Jun 2023 04:44:59 GMT">
  <testcase classname="ICICIBank.MortgageLoan" name="MortgageLoanwithBranch" time="0.011"/>
  <testcase classname="ICICIBank.MortgageLoan" name="MortgageLoanwithAPP" time="0.017"/>
  <testcase classname="ICICIBank.MortgageLoan" name="MortgageLoanwithWeb" time="0.019"/>
</testsuite> <!-- ICICIBank.MortgageLoan -->
