<?xml version="1.0" encoding="UTF-8"?>
<!-- Generated by org.testng.reporters.JUnitReportReporter -->
<testsuite hostname="DESKTOP-MUEUS88" failures="0" tests="3" name="LoanDepartment.MortgageLoan" time="0.020" errors="0" timestamp="21 Jun 2023 04:35:07 GMT">
  <testcase classname="LoanDepartment.MortgageLoan" name="MortgageLoanwithBranch" time="0.009"/>
  <testcase classname="LoanDepartment.MortgageLoan" name="MortgageLoanwithAPP" time="0.006"/>
  <testcase classname="LoanDepartment.MortgageLoan" name="MortgageLoanwithWeb" time="0.005"/>
</testsuite> <!-- LoanDepartment.MortgageLoan -->
