<?xml version="1.0" encoding="UTF-8"?>
<!-- Generated by org.testng.reporters.JUnitReportReporter -->
<testsuite hostname="DESKTOP-MUEUS88" failures="0" tests="3" name="ICICIBank.FixedLoan" time="0.013" errors="0" timestamp="22 Jun 2023 04:44:59 GMT">
  <testcase classname="ICICIBank.FixedLoan" name="FixedLoanwithBranch" time="0.003"/>
  <testcase classname="ICICIBank.FixedLoan" name="FixedLoanwithAPP" time="0.004"/>
  <testcase classname="ICICIBank.FixedLoan" name="FixedLoanwithWeb" time="0.006"/>
</testsuite> <!-- ICICIBank.FixedLoan -->
