<?xml version="1.0" encoding="UTF-8"?>
<!-- Generated by org.testng.reporters.JUnitReportReporter -->
<testsuite hostname="DESKTOP-MUEUS88" failures="0" tests="3" name="LoanDepartment.CarBuy" time="0.018" errors="0" timestamp="21 Jun 2023 04:35:07 GMT">
  <testcase classname="LoanDepartment.CarBuy" name="CarBuywithBranch" time="0.003"/>
  <testcase classname="LoanDepartment.CarBuy" name="CarBuywithWeb" time="0.010"/>
  <testcase classname="LoanDepartment.CarBuy" name="CarBuywithAPP" time="0.005"/>
</testsuite> <!-- LoanDepartment.CarBuy -->
