<?xml version="1.0" encoding="UTF-8"?>
<!-- Generated by org.testng.reporters.JUnitReportReporter -->
<testsuite hostname="DESKTOP-MUEUS88" failures="0" tests="3" name="ICICIBank.CarBuy" time="0.017" errors="0" timestamp="22 Jun 2023 04:44:59 GMT">
  <testcase classname="ICICIBank.CarBuy" name="CarBuywithWeb" time="0.009"/>
  <testcase classname="ICICIBank.CarBuy" name="CarBuywithBranch" time="0.005"/>
  <testcase classname="ICICIBank.CarBuy" name="CarBuywithAPP" time="0.003"/>
</testsuite> <!-- ICICIBank.CarBuy -->
