<?xml version="1.0" encoding="UTF-8"?>
<!-- Generated by org.testng.reporters.JUnitReportReporter -->
<testsuite hostname="DESKTOP-MUEUS88" failures="0" tests="3" name="ICICIBank.FixedLoan" time="0.007" errors="0" timestamp="21 Jun 2023 05:05:22 GMT">
  <testcase classname="ICICIBank.FixedLoan" name="FixedLoanwithWeb" time="0.003"/>
  <testcase classname="ICICIBank.FixedLoan" name="FixedLoanwithBranch" time="0.002"/>
  <testcase classname="ICICIBank.FixedLoan" name="FixedLoanwithAPP" time="0.002"/>
</testsuite> <!-- ICICIBank.FixedLoan -->
