<?xml version="1.0" encoding="UTF-8"?>
<!-- Generated by org.testng.reporters.JUnitReportReporter -->
<testsuite hostname="DESKTOP-MUEUS88" failures="0" tests="3" name="ICICIBank.SmartLoan" time="0.019" errors="0" timestamp="22 Jun 2023 04:44:59 GMT">
  <testcase classname="ICICIBank.SmartLoan" name="SmartLoanwithAPP" time="0.005"/>
  <testcase classname="ICICIBank.SmartLoan" name="SmartLoanwithBranch" time="0.007"/>
  <testcase classname="ICICIBank.SmartLoan" name="SmartLoanwithWeb" time="0.007"/>
</testsuite> <!-- ICICIBank.SmartLoan -->
