<?xml version="1.0" encoding="UTF-8"?>
<!-- Generated by org.testng.reporters.JUnitReportReporter -->
<testsuite hostname="DESKTOP-MUEUS88" failures="0" tests="3" name="LoanDepartment.SmartLoan" time="0.016" errors="0" timestamp="21 Jun 2023 04:35:07 GMT">
  <testcase classname="LoanDepartment.SmartLoan" name="FlexiLoanwithAPP" time="0.010"/>
  <testcase classname="LoanDepartment.SmartLoan" name="SmartLoanwithWeb" time="0.002"/>
  <testcase classname="LoanDepartment.SmartLoan" name="SmartLoanwithBranch" time="0.004"/>
</testsuite> <!-- LoanDepartment.SmartLoan -->
