<?xml version="1.0" encoding="UTF-8"?>
<!-- Generated by org.testng.reporters.JUnitReportReporter -->
<testsuite hostname="DESKTOP-MUEUS88" failures="0" tests="3" name="LoanDepartment.CarLease" time="0.009" errors="0" timestamp="21 Jun 2023 04:35:07 GMT">
  <testcase classname="LoanDepartment.CarLease" name="CarLeasewithAPP" time="0.003"/>
  <testcase classname="LoanDepartment.CarLease" name="CarLeasewithWeb" time="0.004"/>
  <testcase classname="LoanDepartment.CarLease" name="CarLeasewithBranch" time="0.002"/>
</testsuite> <!-- LoanDepartment.CarLease -->
