<?xml version="1.0" encoding="UTF-8"?>
<!-- Generated by org.testng.reporters.JUnitReportReporter -->
<testsuite hostname="DESKTOP-MUEUS88" failures="0" tests="3" name="LoanDepartment.FixedLoan" time="0.011" errors="0" timestamp="21 Jun 2023 04:35:07 GMT">
  <testcase classname="LoanDepartment.FixedLoan" name="FixedLoanwithWeb" time="0.001"/>
  <testcase classname="LoanDepartment.FixedLoan" name="FixedLoanwithAPP" time="0.002"/>
  <testcase classname="LoanDepartment.FixedLoan" name="FixedLoanwithBranch" time="0.008"/>
</testsuite> <!-- LoanDepartment.FixedLoan -->
