<?xml version="1.0" encoding="UTF-8"?>
<!-- Generated by org.testng.reporters.JUnitReportReporter -->
<testsuite hostname="DESKTOP-MUEUS88" failures="0" tests="1" name="ICICIBank.MortgageLoan" time="0.025" errors="0" timestamp="21 Jun 2023 05:05:22 GMT">
  <testcase classname="ICICIBank.MortgageLoan" name="MortgageLoanwithAPP" time="0.025"/>
</testsuite> <!-- ICICIBank.MortgageLoan -->
