<?xml version="1.0" encoding="UTF-8"?>
<!-- Generated by org.testng.reporters.JUnitReportReporter -->
<testsuite hostname="DESKTOP-MUEUS88" failures="0" tests="3" name="ICICIBank.FlexiLoan" time="0.011" errors="0" timestamp="22 Jun 2023 04:44:59 GMT">
  <testcase classname="ICICIBank.FlexiLoan" name="FlexiLoanwithAPP" time="0.005"/>
  <testcase classname="ICICIBank.FlexiLoan" name="FlexiLoanwithWeb" time="0.002"/>
  <testcase classname="ICICIBank.FlexiLoan" name="FlexiLoanwithBranch" time="0.004"/>
</testsuite> <!-- ICICIBank.FlexiLoan -->
