<?xml version="1.0" encoding="UTF-8"?>
<!-- Generated by org.testng.reporters.JUnitReportReporter -->
<testsuite hostname="DESKTOP-MUEUS88" failures="0" tests="3" name="ICICIBank.CarLease" time="0.012" errors="0" timestamp="22 Jun 2023 04:44:59 GMT">
  <testcase classname="ICICIBank.CarLease" name="CarLeasewithWeb" time="0.007"/>
  <testcase classname="ICICIBank.CarLease" name="CarLeasewithBranch" time="0.003"/>
  <testcase classname="ICICIBank.CarLease" name="CarLeasewithAPP" time="0.002"/>
</testsuite> <!-- ICICIBank.CarLease -->
