<?xml version="1.0" encoding="UTF-8"?>
<!-- Generated by org.testng.reporters.JUnitReportReporter -->
<testsuite hostname="DESKTOP-MUEUS88" failures="0" tests="3" name="ICICIBank.CarLease" time="0.018" errors="0" timestamp="21 Jun 2023 05:05:22 GMT">
  <testcase classname="ICICIBank.CarLease" name="CarLeasewithAPP" time="0.009"/>
  <testcase classname="ICICIBank.CarLease" name="CarLeasewithBranch" time="0.003"/>
  <testcase classname="ICICIBank.CarLease" name="CarLeasewithWeb" time="0.006"/>
</testsuite> <!-- ICICIBank.CarLease -->
